# JRE version: Java(TM) SE Runtime Environment (8.0_191-b12) (build 1.8.0_191-b12)
# Java VM: Java HotSpot(TM) Client VM (25.191-b12 mixed mode windows-x86 )
Heap:
 def new generation   total 129216K, used 109766K [0x05600000, 0x0e230000, 0x100a0000)
  eden space 114880K,  91% used [0x05600000, 0x0bcf26e0, 0x0c630000)
  from space 14336K,  30% used [0x0d430000, 0x0d86f470, 0x0e230000)
  to   space 14336K,   0% used [0x0c630000, 0x0c630000, 0x0d430000)
 tenured generation   total 286960K, used 172174K [0x100a0000, 0x218dc000, 0x25600000)
   the space 286960K,  59% used [0x100a0000, 0x1a8c3970, 0x1a8c3a00, 0x218dc000)
 Metaspace       used 26752K, capacity 27348K, committed 27392K, reserved 28032K
GC Heap History (10 events):
Event: 12911.775 GC heap before
{Heap before GC invocations=129 (full 10):
 def new generation   total 129216K, used 4040K [0x05600000, 0x0e230000, 0x100a0000)
  eden space 114880K,   0% used [0x05600000, 0x056641e0, 0x0c630000)
  from space 14336K,  25% used [0x0c630000, 0x0c9bdfa8, 0x0d430000)
  to   space 14336K,   0% used [0x0d430000, 0x0d430000, 0x0e230000)
 tenured generation   total 286960K, used 172174K [0x100a0000, 0x218dc000, 0x25600000)
   the space 286960K,  59% used [0x100a0000, 0x1a8c3970, 0x1a8c3a00, 0x218dc000)
 Metaspace       used 26719K, capacity 27279K, committed 27392K, reserved 28032K
Event: 12911.776 GC heap after
Heap after GC invocations=130 (full 10):
 def new generation   total 129216K, used 921K [0x05600000, 0x0e230000, 0x100a0000)
  eden space 114880K,   0% used [0x05600000, 0x05600000, 0x0c630000)
  from space 14336K,   6% used [0x0d430000, 0x0d516468, 0x0e230000)
  to   space 14336K,   0% used [0x0c630000, 0x0c630000, 0x0d430000)
 tenured generation   total 286960K, used 172174K [0x100a0000, 0x218dc000, 0x25600000)
   the space 286960K,  59% used [0x100a0000, 0x1a8c3970, 0x1a8c3a00, 0x218dc000)
 Metaspace       used 26719K, capacity 27279K, committed 27392K, reserved 28032K
}
Event: 13220.521 GC heap before
{Heap before GC invocations=130 (full 10):
 def new generation   total 129216K, used 115801K [0x05600000, 0x0e230000, 0x100a0000)
  eden space 114880K, 100% used [0x05600000, 0x0c630000, 0x0c630000)
  from space 14336K,   6% used [0x0d430000, 0x0d516468, 0x0e230000)
  to   space 14336K,   0% used [0x0c630000, 0x0c630000, 0x0d430000)
 tenured generation   total 286960K, used 172174K [0x100a0000, 0x218dc000, 0x25600000)
   the space 286960K,  59% used [0x100a0000, 0x1a8c3970, 0x1a8c3a00, 0x218dc000)
 Metaspace       used 26719K, capacity 27279K, committed 27392K, reserved 28032K
Event: 13220.537 GC heap after
Heap after GC invocations=131 (full 10):
 def new generation   total 129216K, used 4745K [0x05600000, 0x0e230000, 0x100a0000)
  eden space 114880K,   0% used [0x05600000, 0x05600000, 0x0c630000)
  from space 14336K,  33% used [0x0c630000, 0x0cad2598, 0x0d430000)
  to   space 14336K,   0% used [0x0d430000, 0x0d430000, 0x0e230000)
 tenured generation   total 286960K, used 172174K [0x100a0000, 0x218dc000, 0x25600000)
   the space 286960K,  59% used [0x100a0000, 0x1a8c3970, 0x1a8c3a00, 0x218dc000)
 Metaspace       used 26719K, capacity 27279K, committed 27392K, reserved 28032K
}
Event: 13556.986 GC heap before
{Heap before GC invocations=131 (full 10):
 def new generation   total 129216K, used 119625K [0x05600000, 0x0e230000, 0x100a0000)
  eden space 114880K, 100% used [0x05600000, 0x0c630000, 0x0c630000)
  from space 14336K,  33% used [0x0c630000, 0x0cad2598, 0x0d430000)
  to   space 14336K,   0% used [0x0d430000, 0x0d430000, 0x0e230000)
 tenured generation   total 286960K, used 172174K [0x100a0000, 0x218dc000, 0x25600000)
   the space 286960K,  59% used [0x100a0000, 0x1a8c3970, 0x1a8c3a00, 0x218dc000)
 Metaspace       used 26721K, capacity 27281K, committed 27392K, reserved 28032K
Event: 13557.005 GC heap after
Heap after GC invocations=132 (full 10):
 def new generation   total 129216K, used 6222K [0x05600000, 0x0e230000, 0x100a0000)
  eden space 114880K,   0% used [0x05600000, 0x05600000, 0x0c630000)
  from space 14336K,  43% used [0x0d430000, 0x0da43a80, 0x0e230000)
  to   space 14336K,   0% used [0x0c630000, 0x0c630000, 0x0d430000)
 tenured generation   total 286960K, used 172174K [0x100a0000, 0x218dc000, 0x25600000)
   the space 286960K,  59% used [0x100a0000, 0x1a8c3970, 0x1a8c3a00, 0x218dc000)
 Metaspace       used 26721K, capacity 27281K, committed 27392K, reserved 28032K
}
Event: 13880.470 GC heap before
{Heap before GC invocations=132 (full 10):
 def new generation   total 129216K, used 121102K [0x05600000, 0x0e230000, 0x100a0000)
  eden space 114880K, 100% used [0x05600000, 0x0c630000, 0x0c630000)
  from space 14336K,  43% used [0x0d430000, 0x0da43a80, 0x0e230000)
  to   space 14336K,   0% used [0x0c630000, 0x0c630000, 0x0d430000)
 tenured generation   total 286960K, used 172174K [0x100a0000, 0x218dc000, 0x25600000)
   the space 286960K,  59% used [0x100a0000, 0x1a8c3970, 0x1a8c3a00, 0x218dc000)
 Metaspace       used 26721K, capacity 27281K, committed 27392K, reserved 28032K
Event: 13880.485 GC heap after
Heap after GC invocations=133 (full 10):
 def new generation   total 129216K, used 5710K [0x05600000, 0x0e230000, 0x100a0000)
  eden space 114880K,   0% used [0x05600000, 0x05600000, 0x0c630000)
  from space 14336K,  39% used [0x0c630000, 0x0cbc3910, 0x0d430000)
  to   space 14336K,   0% used [0x0d430000, 0x0d430000, 0x0e230000)
 tenured generation   total 286960K, used 172174K [0x100a0000, 0x218dc000, 0x25600000)
   the space 286960K,  59% used [0x100a0000, 0x1a8c3970, 0x1a8c3a00, 0x218dc000)
 Metaspace       used 26721K, capacity 27281K, committed 27392K, reserved 28032K
}
Event: 14270.135 GC heap before
{Heap before GC invocations=133 (full 10):
 def new generation   total 129216K, used 120590K [0x05600000, 0x0e230000, 0x100a0000)
  eden space 114880K, 100% used [0x05600000, 0x0c630000, 0x0c630000)
  from space 14336K,  39% used [0x0c630000, 0x0cbc3910, 0x0d430000)
  to   space 14336K,   0% used [0x0d430000, 0x0d430000, 0x0e230000)
 tenured generation   total 286960K, used 172174K [0x100a0000, 0x218dc000, 0x25600000)
   the space 286960K,  59% used [0x100a0000, 0x1a8c3970, 0x1a8c3a00, 0x218dc000)
 Metaspace       used 26721K, capacity 27281K, committed 27392K, reserved 28032K
Event: 14270.150 GC heap after
Heap after GC invocations=134 (full 10):
 def new generation   total 129216K, used 4349K [0x05600000, 0x0e230000, 0x100a0000)
  eden space 114880K,   0% used [0x05600000, 0x05600000, 0x0c630000)
  from space 14336K,  30% used [0x0d430000, 0x0d86f470, 0x0e230000)
  to   space 14336K,   0% used [0x0c630000, 0x0c630000, 0x0d430000)
 tenured generation   total 286960K, used 172174K [0x100a0000, 0x218dc000, 0x25600000)
   the space 286960K,  59% used [0x100a0000, 0x1a8c3970, 0x1a8c3a00, 0x218dc000)
 Metaspace       used 26721K, capacity 27281K, committed 27392K, reserved 28032K
}

